{"C:\\SKYLAB\\skylab-bootcamp-202104-bcn\\hosni-marco\\challenge\\todo-list-fullstack\\server\\src\\controllers\\todoListController.js": {"path":"C:\\SKYLAB\\skylab-bootcamp-202104-bcn\\hosni-marco\\challenge\\todo-list-fullstack\\server\\src\\controllers\\todoListController.js","statementMap":{"0":{"start":{"line":1,"column":14},"end":{"line":1,"column":56}},"1":{"start":{"line":2,"column":13},"end":{"line":2,"column":46}},"2":{"start":{"line":6,"column":21},"end":{"line":6,"column":38}},"3":{"start":{"line":7,"column":4},"end":{"line":7,"column":23}},"4":{"start":{"line":11,"column":20},"end":{"line":11,"column":38}},"5":{"start":{"line":12,"column":4},"end":{"line":12,"column":19}},"6":{"start":{"line":13,"column":4},"end":{"line":19,"column":5}},"7":{"start":{"line":14,"column":6},"end":{"line":14,"column":27}},"8":{"start":{"line":15,"column":6},"end":{"line":15,"column":24}},"9":{"start":{"line":17,"column":6},"end":{"line":17,"column":19}},"10":{"start":{"line":18,"column":6},"end":{"line":18,"column":22}},"11":{"start":{"line":23,"column":4},"end":{"line":32,"column":5}},"12":{"start":{"line":24,"column":21},"end":{"line":26,"column":7}},"13":{"start":{"line":27,"column":6},"end":{"line":27,"column":23}},"14":{"start":{"line":29,"column":6},"end":{"line":29,"column":19}},"15":{"start":{"line":30,"column":6},"end":{"line":30,"column":22}},"16":{"start":{"line":31,"column":6},"end":{"line":31,"column":22}},"17":{"start":{"line":36,"column":4},"end":{"line":46,"column":5}},"18":{"start":{"line":37,"column":25},"end":{"line":41,"column":7}},"19":{"start":{"line":42,"column":6},"end":{"line":42,"column":27}},"20":{"start":{"line":44,"column":6},"end":{"line":44,"column":19}},"21":{"start":{"line":45,"column":6},"end":{"line":45,"column":22}},"22":{"start":{"line":50,"column":4},"end":{"line":58,"column":5}},"23":{"start":{"line":51,"column":6},"end":{"line":51,"column":54}},"24":{"start":{"line":52,"column":23},"end":{"line":52,"column":40}},"25":{"start":{"line":53,"column":6},"end":{"line":53,"column":22}},"26":{"start":{"line":54,"column":6},"end":{"line":54,"column":25}},"27":{"start":{"line":56,"column":6},"end":{"line":56,"column":19}},"28":{"start":{"line":57,"column":6},"end":{"line":57,"column":22}},"29":{"start":{"line":61,"column":2},"end":{"line":67,"column":4}},"30":{"start":{"line":70,"column":0},"end":{"line":70,"column":36}}},"fnMap":{"0":{"name":"toloListController","decl":{"start":{"line":4,"column":9},"end":{"line":4,"column":27}},"loc":{"start":{"line":4,"column":30},"end":{"line":68,"column":1}},"line":4},"1":{"name":"getAll","decl":{"start":{"line":5,"column":17},"end":{"line":5,"column":23}},"loc":{"start":{"line":5,"column":34},"end":{"line":8,"column":3}},"line":5},"2":{"name":"createOne","decl":{"start":{"line":10,"column":17},"end":{"line":10,"column":26}},"loc":{"start":{"line":10,"column":37},"end":{"line":20,"column":3}},"line":10},"3":{"name":"getById","decl":{"start":{"line":22,"column":17},"end":{"line":22,"column":24}},"loc":{"start":{"line":22,"column":35},"end":{"line":33,"column":3}},"line":22},"4":{"name":"updateById","decl":{"start":{"line":35,"column":17},"end":{"line":35,"column":27}},"loc":{"start":{"line":35,"column":38},"end":{"line":47,"column":3}},"line":35},"5":{"name":"deleteById","decl":{"start":{"line":49,"column":17},"end":{"line":49,"column":27}},"loc":{"start":{"line":49,"column":38},"end":{"line":59,"column":3}},"line":49}},"branchMap":{},"s":{"0":1,"1":1,"2":1,"3":1,"4":1,"5":1,"6":1,"7":1,"8":1,"9":0,"10":0,"11":0,"12":0,"13":0,"14":0,"15":0,"16":0,"17":0,"18":0,"19":0,"20":0,"21":0,"22":0,"23":0,"24":0,"25":0,"26":0,"27":0,"28":0,"29":1,"30":1},"f":{"0":1,"1":1,"2":1,"3":0,"4":0,"5":0},"b":{},"_coverageSchema":"1a1c01bbd47fc00a2c39e90264f33305004495a9","hash":"a18a02e032e99a7c88380653f3048ba154220eb9"}
,"C:\\SKYLAB\\skylab-bootcamp-202104-bcn\\hosni-marco\\challenge\\todo-list-fullstack\\server\\src\\model\\todoListModel.js": {"path":"C:\\SKYLAB\\skylab-bootcamp-202104-bcn\\hosni-marco\\challenge\\todo-list-fullstack\\server\\src\\model\\todoListModel.js","statementMap":{"0":{"start":{"line":1,"column":17},"end":{"line":1,"column":36}},"1":{"start":{"line":3,"column":23},"end":{"line":6,"column":2}},"2":{"start":{"line":8,"column":0},"end":{"line":8,"column":60}}},"fnMap":{},"branchMap":{},"s":{"0":1,"1":1,"2":1},"f":{},"b":{},"_coverageSchema":"1a1c01bbd47fc00a2c39e90264f33305004495a9","hash":"6a68da1eb1c9f34abedbcc1663f8aec3f64c7d2b"}
}
