TN:
SF:src\controllers\todoListController.js
FN:4,toloListController
FN:5,getAll
FN:10,createOne
FN:22,getById
FN:35,updateById
FN:49,deleteById
FNF:6
FNH:3
FNDA:1,toloListController
FNDA:1,getAll
FNDA:1,createOne
FNDA:0,getById
FNDA:0,updateById
FNDA:0,deleteById
DA:1,1
DA:2,1
DA:6,1
DA:7,1
DA:11,1
DA:12,1
DA:13,1
DA:14,1
DA:15,1
DA:17,0
DA:18,0
DA:23,0
DA:24,0
DA:27,0
DA:29,0
DA:30,0
DA:31,0
DA:36,0
DA:37,0
DA:42,0
DA:44,0
DA:45,0
DA:50,0
DA:51,0
DA:52,0
DA:53,0
DA:54,0
DA:56,0
DA:57,0
DA:61,1
DA:70,1
LF:31
LH:11
BRF:0
BRH:0
end_of_record
TN:
SF:src\model\todoListModel.js
FNF:0
FNH:0
DA:1,1
DA:3,1
DA:8,1
LF:3
LH:3
BRF:0
BRH:0
end_of_record
